2020-07-04T13:40:14+00:00 CRITICAL Uncaught ArgumentCountError: Too few arguments to function remove_filter(), 1 passed in C:\xampp\htdocs\ecom\wp-content\themes\ecom\functions.php on line 57 and at least 2 expected in C:\xampp\htdocs\ecom\wp-includes\plugin.php:276
Stack trace:
#0 C:\xampp\htdocs\ecom\wp-content\themes\ecom\functions.php(57): remove_filter('woocommerce_sho...')
#1 C:\xampp\htdocs\ecom\wp-includes\class-wp-hook.php(287): ecom_theme_supports('')
#2 C:\xampp\htdocs\ecom\wp-includes\class-wp-hook.php(311): WP_Hook->apply_filters(NULL, Array)
#3 C:\xampp\htdocs\ecom\wp-includes\plugin.php(478): WP_Hook->do_action(Array)
#4 C:\xampp\htdocs\ecom\wp-settings.php(518): do_action('after_setup_the...')
#5 C:\xampp\htdocs\ecom\wp-config.php(90): require_once('C:\\xampp\\htdocs...')
#6 C:\xampp\htdocs\ecom\wp-load.php(37): require_once('C:\\xampp\\htdocs...')
#7 C:\xampp\htdocs\ecom\wp-blog-header.php(13): require_once('C:\\xampp\\htdocs...')
#8 C:\xampp\htdocs\ecom\index.php(17): require('C:\\xampp\\htdocs...')
#9 {main}
  thrown in C:\xampp\htdocs\ecom\wp-includes\plugin.php on line 276

2020-07-04T13:40:46+00:00 CRITICAL Uncaught ArgumentCountError: Too few arguments to function remove_filter(), 1 passed in C:\xampp\htdocs\ecom\wp-content\themes\ecom\functions.php on line 57 and at least 2 expected in C:\xampp\htdocs\ecom\wp-includes\plugin.php:276
Stack trace:
#0 C:\xampp\htdocs\ecom\wp-content\themes\ecom\functions.php(57): remove_filter('woocommerce_sho...')
#1 C:\xampp\htdocs\ecom\wp-includes\class-wp-hook.php(287): ecom_theme_supports('')
#2 C:\xampp\htdocs\ecom\wp-includes\class-wp-hook.php(311): WP_Hook->apply_filters(NULL, Array)
#3 C:\xampp\htdocs\ecom\wp-includes\plugin.php(478): WP_Hook->do_action(Array)
#4 C:\xampp\htdocs\ecom\wp-settings.php(518): do_action('after_setup_the...')
#5 C:\xampp\htdocs\ecom\wp-config.php(90): require_once('C:\\xampp\\htdocs...')
#6 C:\xampp\htdocs\ecom\wp-load.php(37): require_once('C:\\xampp\\htdocs...')
#7 C:\xampp\htdocs\ecom\wp-blog-header.php(13): require_once('C:\\xampp\\htdocs...')
#8 C:\xampp\htdocs\ecom\index.php(17): require('C:\\xampp\\htdocs...')
#9 {main}
  thrown in C:\xampp\htdocs\ecom\wp-includes\plugin.php on line 276

